

Version:	3.50
CmdLine:	D:\study\2semester\java\engcalc\engcalc\engcalc.exe --l4j-debug
JNI:		No
WOW64:		Yes
Working dir:	D:\study\2semester\java\engcalc\engcalc\.
Requires JDK:	No
Requires 64-Bit: No
Java min ver:	
Java max ver:	
Substitute:	JAVA_HOME = C:\Program Files\Amazon Corretto\jdk21.0.1_12
Substitute:	PATH = C:\Program Files\Google\Chrome\Application;C:\Program Files\Common Files\Oracle\Java\javapath;C:\Program Files\Amazon Corretto\jdk21.0.1_12\bin;C:\Program Files (x86)\Common Files\Oracle\Java\javapath;C:\Windows\system32;C:\Windows;C:\Windows\System32\Wbem;C:\Windows\System32\WindowsPowerShell\v1.0\;C:\Windows\System32\OpenSSH\;C:\Program Files\nodejs\;C:\Program Files\Git\cmd;C:\Program Files\VSCodium\bin;C:\Program Files (x86)\Windows Kits\10\Windows Performance Toolkit\;C:\Program Files\PowerShell\7\;C:\Program Files (x86)\Common Files\Oracle\Java\javapath;C:\Windows\system32;C:\Windows;C:\Windows\System32\Wbem;C:\Windows\System32\WindowsPowerShell\v1.0\;C:\Windows\System32\OpenSSH\;C:\Program Files\nodejs\;C:\Program Files\Git\cmd;C:\Users\thean\.cargo\bin;C:\Users\thean\AppData\Local\Microsoft\WindowsApps;C:\Users\thean\AppData\Local\Programs\Microsoft VS Code\bin;C:\Users\thean\AppData\Roaming\npm;C:\Users\thean\AppData\Local\GitHubDesktop\bin;C:\Users\thean\AppData\Local\Programs\Python\Python312\Scripts;C:\Program Files\Maven\apache-maven-3.9.6\bin;;C:\Program Files\Amazon Corretto\jdk21.0.1_12\bin
JRE paths:	C:\Program Files\Amazon Corretto\jdk21.0.1_12;C:\Program Files\Google\Chrome\Application;C:\Program Files\Common Files\Oracle\Java\javapath;C:\Program Files\Amazon Corretto\jdk21.0.1_12\bin;C:\Program Files (x86)\Common Files\Oracle\Java\javapath;C:\Windows\system32;C:\Windows;C:\Windows\System32\Wbem;C:\Windows\System32\WindowsPowerShell\v1.0\;C:\Windows\System32\OpenSSH\;C:\Program Files\nodejs\;C:\Program Files\Git\cmd;C:\Program Files\VSCodium\bin;C:\Program Files (x86)\Windows Kits\10\Windows Performance Toolkit\;C:\Program Files\PowerShell\7\;C:\Program Files (x86)\Common Files\Oracle\Java\javapath;C:\Windows\system32;C:\Windows;C:\Windows\System32\Wbem;C:\Windows\System32\WindowsPowerShell\v1.0\;C:\Windows\System32\OpenSSH\;C:\Program Files\nodejs\;C:\Program Files\Git\cmd;C:\Users\thean\.cargo\bin;C:\Users\thean\AppData\Local\Microsoft\WindowsApps;C:\Users\thean\AppData\Local\Programs\Microsoft VS Code\bin;C:\Users\thean\AppData\Roaming\npm;C:\Users\thean\AppData\Local\GitHubDesktop\bin;C:\Users\thean\AppData\Local\Programs\Python\Python312\Scripts;C:\Program Files\Maven\apache-maven-3.9.6\bin;;C:\Program Files\Amazon Corretto\jdk21.0.1_12\bin
Check launcher:	C:\Program Files\Amazon Corretto\jdk21.0.1_12\bin\javaw.exe (OK)
Version string: 1.021.000_001 / 64-Bit (OK)
Launcher:	C:\Program Files\Amazon Corretto\jdk21.0.1_12\bin\javaw.exe
Launcher args:	-jar "D:\study\2semester\java\engcalc\engcalc\engcalc.exe"
Args length:	58/32768 chars
Exit code:	0


Version:	3.50
CmdLine:	D:\study\2semester\java\engcalc\engcalc\engcalc.exe --l4j-debug
JNI:		No
WOW64:		Yes
Working dir:	D:\study\2semester\java\engcalc\engcalc\.
Requires JDK:	No
Requires 64-Bit: No
Java min ver:	
Java max ver:	
Substitute:	JAVA_HOME = C:\Program Files\Amazon Corretto\jdk21.0.1_12
Substitute:	PATH = C:\Program Files\Google\Chrome\Application;C:\Program Files\Common Files\Oracle\Java\javapath;C:\Program Files\Amazon Corretto\jdk21.0.1_12\bin;C:\Program Files (x86)\Common Files\Oracle\Java\javapath;C:\Windows\system32;C:\Windows;C:\Windows\System32\Wbem;C:\Windows\System32\WindowsPowerShell\v1.0\;C:\Windows\System32\OpenSSH\;C:\Program Files\nodejs\;C:\Program Files\Git\cmd;C:\Program Files\VSCodium\bin;C:\Program Files (x86)\Windows Kits\10\Windows Performance Toolkit\;C:\Program Files\PowerShell\7\;C:\Program Files (x86)\Common Files\Oracle\Java\javapath;C:\Windows\system32;C:\Windows;C:\Windows\System32\Wbem;C:\Windows\System32\WindowsPowerShell\v1.0\;C:\Windows\System32\OpenSSH\;C:\Program Files\nodejs\;C:\Program Files\Git\cmd;C:\Users\thean\.cargo\bin;C:\Users\thean\AppData\Local\Microsoft\WindowsApps;C:\Users\thean\AppData\Local\Programs\Microsoft VS Code\bin;C:\Users\thean\AppData\Roaming\npm;C:\Users\thean\AppData\Local\GitHubDesktop\bin;C:\Users\thean\AppData\Local\Programs\Python\Python312\Scripts;C:\Program Files\Maven\apache-maven-3.9.6\bin;;C:\Program Files\Amazon Corretto\jdk21.0.1_12\bin
JRE paths:	C:\Program Files\Amazon Corretto\jdk21.0.1_12;C:\Program Files\Google\Chrome\Application;C:\Program Files\Common Files\Oracle\Java\javapath;C:\Program Files\Amazon Corretto\jdk21.0.1_12\bin;C:\Program Files (x86)\Common Files\Oracle\Java\javapath;C:\Windows\system32;C:\Windows;C:\Windows\System32\Wbem;C:\Windows\System32\WindowsPowerShell\v1.0\;C:\Windows\System32\OpenSSH\;C:\Program Files\nodejs\;C:\Program Files\Git\cmd;C:\Program Files\VSCodium\bin;C:\Program Files (x86)\Windows Kits\10\Windows Performance Toolkit\;C:\Program Files\PowerShell\7\;C:\Program Files (x86)\Common Files\Oracle\Java\javapath;C:\Windows\system32;C:\Windows;C:\Windows\System32\Wbem;C:\Windows\System32\WindowsPowerShell\v1.0\;C:\Windows\System32\OpenSSH\;C:\Program Files\nodejs\;C:\Program Files\Git\cmd;C:\Users\thean\.cargo\bin;C:\Users\thean\AppData\Local\Microsoft\WindowsApps;C:\Users\thean\AppData\Local\Programs\Microsoft VS Code\bin;C:\Users\thean\AppData\Roaming\npm;C:\Users\thean\AppData\Local\GitHubDesktop\bin;C:\Users\thean\AppData\Local\Programs\Python\Python312\Scripts;C:\Program Files\Maven\apache-maven-3.9.6\bin;;C:\Program Files\Amazon Corretto\jdk21.0.1_12\bin
Check launcher:	C:\Program Files\Amazon Corretto\jdk21.0.1_12\bin\javaw.exe (OK)
Version string: 1.021.000_001 / 64-Bit (OK)
Launcher:	C:\Program Files\Amazon Corretto\jdk21.0.1_12\bin\javaw.exe
Launcher args:	-jar "D:\study\2semester\java\engcalc\engcalc\engcalc.exe"
Args length:	58/32768 chars
Exit code:	0


Version:	3.50
CmdLine:	D:\study\2semester\java\engcalc\engcalc\engcalc.exe --l4j-debug
JNI:		No
WOW64:		Yes
Working dir:	D:\study\2semester\java\engcalc\engcalc\.
Requires JDK:	No
Requires 64-Bit: No
Java min ver:	
Java max ver:	
Substitute:	JAVA_HOME = C:\Program Files\Amazon Corretto\jdk21.0.1_12
Substitute:	PATH = C:\Program Files\Google\Chrome\Application;C:\Program Files\Common Files\Oracle\Java\javapath;C:\Program Files\Amazon Corretto\jdk21.0.1_12\bin;C:\Program Files (x86)\Common Files\Oracle\Java\javapath;C:\Windows\system32;C:\Windows;C:\Windows\System32\Wbem;C:\Windows\System32\WindowsPowerShell\v1.0\;C:\Windows\System32\OpenSSH\;C:\Program Files\nodejs\;C:\Program Files\Git\cmd;C:\Program Files\VSCodium\bin;C:\Program Files (x86)\Windows Kits\10\Windows Performance Toolkit\;C:\Program Files\PowerShell\7\;C:\Program Files (x86)\Common Files\Oracle\Java\javapath;C:\Windows\system32;C:\Windows;C:\Windows\System32\Wbem;C:\Windows\System32\WindowsPowerShell\v1.0\;C:\Windows\System32\OpenSSH\;C:\Program Files\nodejs\;C:\Program Files\Git\cmd;C:\Users\thean\.cargo\bin;C:\Users\thean\AppData\Local\Microsoft\WindowsApps;C:\Users\thean\AppData\Local\Programs\Microsoft VS Code\bin;C:\Users\thean\AppData\Roaming\npm;C:\Users\thean\AppData\Local\GitHubDesktop\bin;C:\Users\thean\AppData\Local\Programs\Python\Python312\Scripts;C:\Program Files\Maven\apache-maven-3.9.6\bin;;C:\Program Files\Amazon Corretto\jdk21.0.1_12\bin
JRE paths:	C:\Program Files\Amazon Corretto\jdk21.0.1_12;C:\Program Files\Google\Chrome\Application;C:\Program Files\Common Files\Oracle\Java\javapath;C:\Program Files\Amazon Corretto\jdk21.0.1_12\bin;C:\Program Files (x86)\Common Files\Oracle\Java\javapath;C:\Windows\system32;C:\Windows;C:\Windows\System32\Wbem;C:\Windows\System32\WindowsPowerShell\v1.0\;C:\Windows\System32\OpenSSH\;C:\Program Files\nodejs\;C:\Program Files\Git\cmd;C:\Program Files\VSCodium\bin;C:\Program Files (x86)\Windows Kits\10\Windows Performance Toolkit\;C:\Program Files\PowerShell\7\;C:\Program Files (x86)\Common Files\Oracle\Java\javapath;C:\Windows\system32;C:\Windows;C:\Windows\System32\Wbem;C:\Windows\System32\WindowsPowerShell\v1.0\;C:\Windows\System32\OpenSSH\;C:\Program Files\nodejs\;C:\Program Files\Git\cmd;C:\Users\thean\.cargo\bin;C:\Users\thean\AppData\Local\Microsoft\WindowsApps;C:\Users\thean\AppData\Local\Programs\Microsoft VS Code\bin;C:\Users\thean\AppData\Roaming\npm;C:\Users\thean\AppData\Local\GitHubDesktop\bin;C:\Users\thean\AppData\Local\Programs\Python\Python312\Scripts;C:\Program Files\Maven\apache-maven-3.9.6\bin;;C:\Program Files\Amazon Corretto\jdk21.0.1_12\bin
Check launcher:	C:\Program Files\Amazon Corretto\jdk21.0.1_12\bin\javaw.exe (OK)
Version string: 1.021.000_001 / 64-Bit (OK)
Launcher:	C:\Program Files\Amazon Corretto\jdk21.0.1_12\bin\javaw.exe
Launcher args:	-jar "D:\study\2semester\java\engcalc\engcalc\engcalc.exe"
Args length:	58/32768 chars
Exit code:	1, restarting the application!
Exit code:	1, restarting the application!
Exit code:	1, restarting the application!
Exit code:	1, restarting the application!
Exit code:	1, restarting the application!
Exit code:	1, restarting the application!
Exit code:	1, restarting the application!
Exit code:	1, restarting the application!
Exit code:	1, restarting the application!
Exit code:	1, restarting the application!
Exit code:	1, restarting the application!
Exit code:	1, restarting the application!
Exit code:	1, restarting the application!
Exit code:	1, restarting the application!
Exit code:	1, restarting the application!
Exit code:	1, restarting the application!
Exit code:	1, restarting the application!
Exit code:	1, restarting the application!
Exit code:	1, restarting the application!
Exit code:	1, restarting the application!
Exit code:	1, restarting the application!
Exit code:	1, restarting the application!
Exit code:	1, restarting the application!
Exit code:	1, restarting the application!
Exit code:	1, restarting the application!
Exit code:	1, restarting the application!
Exit code:	1, restarting the application!
Exit code:	1, restarting the applicatio

Version:	3.50
CmdLine:	D:\study\2semester\java\engcalc\engcalc\engcalc.exe --l4j-debug
JNI:		No
WOW64:		Yes
Working dir:	D:\study\2semester\java\engcalc\engcalc\.
Requires JDK:	No
Requires 64-Bit: No
Java min ver:	
Java max ver:	
Substitute:	JAVA_HOME = C:\Program Files\Amazon Corretto\jdk21.0.1_12
Substitute:	PATH = C:\Program Files\Common Files\Oracle\Java\javapath;C:\Program Files\Amazon Corretto\jdk21.0.1_12\bin;C:\Program Files (x86)\Common Files\Oracle\Java\javapath;C:\Windows\system32;C:\Windows;C:\Windows\System32\Wbem;C:\Windows\System32\WindowsPowerShell\v1.0\;C:\Windows\System32\OpenSSH\;C:\Program Files\nodejs\;C:\Program Files\Git\cmd;C:\Program Files\VSCodium\bin;C:\Program Files (x86)\Windows Kits\10\Windows Performance Toolkit\;C:\Program Files\PowerShell\7\;C:\Program Files (x86)\Common Files\Oracle\Java\javapath;C:\Windows\system32;C:\Windows;C:\Windows\System32\Wbem;C:\Windows\System32\WindowsPowerShell\v1.0\;C:\Windows\System32\OpenSSH\;C:\Program Files\nodejs\;C:\Program Files\Git\cmd;C:\Users\thean\.cargo\bin;C:\Users\thean\AppData\Local\Microsoft\WindowsApps;C:\Users\thean\AppData\Local\Programs\Microsoft VS Code\bin;C:\Users\thean\AppData\Roaming\npm;C:\Users\thean\AppData\Local\GitHubDesktop\bin;C:\Users\thean\AppData\Local\Programs\Python\Python312\Scripts;C:\Program Files\Maven\apache-maven-3.9.6\bin;;C:\Program Files\Amazon Corretto\jdk21.0.1_12\bin
JRE paths:	C:\Program Files\Amazon Corretto\jdk21.0.1_12;C:\Program Files\Common Files\Oracle\Java\javapath;C:\Program Files\Amazon Corretto\jdk21.0.1_12\bin;C:\Program Files (x86)\Common Files\Oracle\Java\javapath;C:\Windows\system32;C:\Windows;C:\Windows\System32\Wbem;C:\Windows\System32\WindowsPowerShell\v1.0\;C:\Windows\System32\OpenSSH\;C:\Program Files\nodejs\;C:\Program Files\Git\cmd;C:\Program Files\VSCodium\bin;C:\Program Files (x86)\Windows Kits\10\Windows Performance Toolkit\;C:\Program Files\PowerShell\7\;C:\Program Files (x86)\Common Files\Oracle\Java\javapath;C:\Windows\system32;C:\Windows;C:\Windows\System32\Wbem;C:\Windows\System32\WindowsPowerShell\v1.0\;C:\Windows\System32\OpenSSH\;C:\Program Files\nodejs\;C:\Program Files\Git\cmd;C:\Users\thean\.cargo\bin;C:\Users\thean\AppData\Local\Microsoft\WindowsApps;C:\Users\thean\AppData\Local\Programs\Microsoft VS Code\bin;C:\Users\thean\AppData\Roaming\npm;C:\Users\thean\AppData\Local\GitHubDesktop\bin;C:\Users\thean\AppData\Local\Programs\Python\Python312\Scripts;C:\Program Files\Maven\apache-maven-3.9.6\bin;;C:\Program Files\Amazon Corretto\jdk21.0.1_12\bin
Check launcher:	C:\Program Files\Amazon Corretto\jdk21.0.1_12\bin\javaw.exe (OK)
Version string: 1.021.000_001 / 64-Bit (OK)
Launcher:	C:\Program Files\Amazon Corretto\jdk21.0.1_12\bin\javaw.exe
Launcher args:	-jar "D:\study\2semester\java\engcalc\engcalc\engcalc.exe"
Args length:	58/32768 chars
Exit code:	0
